#
# There is insufficient memory for the Java Runtime Environment to continue.
# Native memory allocation (mmap) failed to map 536870912 bytes for Failed to commit area from 0x0000000600e00000 to 0x0000000620e00000 of length 536870912.
# Possible reasons:
#   The system is out of physical RAM or swap space
#   The process is running with CompressedOops enabled, and the Java Heap may be blocking the growth of the native heap
# Possible solutions:
#   Reduce memory load on the system
#   Increase physical memory or swap space
#   Check if swap backing store is full
#   Decrease Java heap size (-Xmx/-Xms)
#   Decrease number of Java threads
#   Decrease Java thread stack sizes (-Xss)
#   Set larger code cache with -XX:ReservedCodeCacheSize=
#   JVM is running with Zero Based Compressed Oops mode in which the Java heap is
#     placed in the first 32GB address space. The Java Heap base address is the
#     maximum limit for the native heap growth. Please use -XX:HeapBaseMinAddress
#     to set the Java Heap base and to place the Java Heap above 32GB virtual address.
# This output file may be truncated or incomplete.
#
#  Out of Memory Error (./open/src/hotspot/os/windows/os_windows.cpp:3315), pid=39100, tid=14216
#
# JRE version:  (14.0.2+12) (build )
# Java VM: Java HotSpot(TM) 64-Bit Server VM (14.0.2+12-46, mixed mode, sharing, tiered, compressed oops, g1 gc, windows-amd64)
# No core dump will be written. Minidumps are not enabled by default on client versions of Windows
#

---------------  S U M M A R Y ------------

Command Line: -Dfile.encoding=Cp1252 Driver

Host: AMD Ryzen 5 1400 Quad-Core Processor           , 8 cores, 31G,  Windows 10 , 64 bit Build 18362 (10.0.18362.959)
Time: Wed Oct 28 22:40:21 2020 Eastern Daylight Time elapsed time: 0 seconds (0d 0h 0m 0s)

---------------  T H R E A D  ---------------

Current thread (0x0000026e66fca800):  JavaThread "Unknown thread" [_thread_in_vm, id=14216, stack(0x000000be56400000,0x000000be56500000)]

Stack: [0x000000be56400000,0x000000be56500000]
Native frames: (J=compiled Java code, j=interpreted, Vv=VM code, C=native code)
V  [jvm.dll+0x5f8a9a]
V  [jvm.dll+0x74247a]
V  [jvm.dll+0x743c2f]
V  [jvm.dll+0x744273]
V  [jvm.dll+0x20d288]
V  [jvm.dll+0x5f5dea]
V  [jvm.dll+0x5eac45]
V  [jvm.dll+0x2c7e9c]
V  [jvm.dll+0x2c7cd2]
V  [jvm.dll+0x2cdbbc]
V  [jvm.dll+0x313fe8]
V  [jvm.dll+0x313710]
V  [jvm.dll+0x2a092a]
V  [jvm.dll+0x2a1a79]
V  [jvm.dll+0x71fd48]
V  [jvm.dll+0x321c14]
V  [jvm.dll+0x70112c]
V  [jvm.dll+0x392def]
V  [jvm.dll+0x394e61]
C  [jli.dll+0x524b]
C  [ucrtbase.dll+0x20e82]
C  [KERNEL32.DLL+0x17bd4]
C  [ntdll.dll+0x6ce51]


---------------  P R O C E S S  ---------------

Threads class SMR info:
_java_thread_list=0x00007ffd777c3038, length=0, elements={
}

Java Threads: ( => current thread )

Other Threads:
  0x0000026e6704e800 GCTaskThread "GC Thread#0" [stack: 0x000000be56500000,0x000000be56600000] [id=36992]
  0x0000026e67071800 ConcurrentGCThread "G1 Main Marker" [stack: 0x000000be56600000,0x000000be56700000] [id=37408]
  0x0000026e67073000 ConcurrentGCThread "G1 Conc#0" [stack: 0x000000be56700000,0x000000be56800000] [id=36368]

[error occurred during error reporting (printing all threads), id 0xc0000005, EXCEPTION_ACCESS_VIOLATION (0xc0000005) at pc=0x00007ffd76ff1257]

VM state:not at safepoint (not fully initialized)

VM Mutex/Monitor currently owned by a thread:  ([mutex/lock_event])
[0x0000026e64db2d40] Heap_lock - owner thread: 0x0000026e66fca800

Heap address: 0x0000000600e00000, size: 8178 MB, Compressed Oops mode: Zero based, Oop shift amount: 3
Narrow klass base: 0x0000000000000000, Narrow klass shift: 0

GC Heap History (0 events):
No events

Deoptimization events (0 events):
No events

Classes unloaded (0 events):
No events

Classes redefined (0 events):
No events

Internal exceptions (0 events):
No events

Events (2 events):
Event: 0.007 Loaded shared library C:\Program Files\Java\jdk-14.0.2\bin\java.dll
Event: 0.007 Loaded shared library C:\Program Files\Java\jdk-14.0.2\bin\zip.dll


Dynamic libraries:
0x00007ff79b0f0000 - 0x00007ff79b0ff000 	C:\Program Files\Java\jdk-14.0.2\bin\javaw.exe
0x00007ffdd25a0000 - 0x00007ffdd2790000 	C:\Windows\SYSTEM32\ntdll.dll
0x00007ffdd17f0000 - 0x00007ffdd18a2000 	C:\Windows\System32\KERNEL32.DLL
0x00007ffdd0080000 - 0x00007ffdd0324000 	C:\Windows\System32\KERNELBASE.dll
0x00007ffdcfd30000 - 0x00007ffdcfe2a000 	C:\Windows\System32\ucrtbase.dll
0x00007ffdc6970000 - 0x00007ffdc6985000 	C:\Program Files\Java\jdk-14.0.2\bin\VCRUNTIME140.dll
0x00007ffdc6950000 - 0x00007ffdc6968000 	C:\Program Files\Java\jdk-14.0.2\bin\jli.dll
0x00007ffdd22f0000 - 0x00007ffdd2393000 	C:\Windows\System32\ADVAPI32.dll
0x00007ffdd18b0000 - 0x00007ffdd194e000 	C:\Windows\System32\msvcrt.dll
0x00007ffdd0650000 - 0x00007ffdd06e7000 	C:\Windows\System32\sechost.dll
0x00007ffdd1250000 - 0x00007ffdd1370000 	C:\Windows\System32\RPCRT4.dll
0x00007ffdd0b10000 - 0x00007ffdd0ca4000 	C:\Windows\System32\USER32.dll
0x00007ffdbfea0000 - 0x00007ffdc0124000 	C:\Windows\WinSxS\amd64_microsoft.windows.common-controls_6595b64144ccf1df_6.0.18362.959_none_e6c7bbbf130c62bb\COMCTL32.dll
0x00007ffdd0050000 - 0x00007ffdd0071000 	C:\Windows\System32\win32u.dll
0x00007ffdd0cb0000 - 0x00007ffdd0fe5000 	C:\Windows\System32\combase.dll
0x00007ffdd0ff0000 - 0x00007ffdd1016000 	C:\Windows\System32\GDI32.dll
0x00007ffdcf520000 - 0x00007ffdcf5a0000 	C:\Windows\System32\bcryptPrimitives.dll
0x00007ffdd0330000 - 0x00007ffdd04c6000 	C:\Windows\System32\gdi32full.dll
0x00007ffdd04d0000 - 0x00007ffdd056e000 	C:\Windows\System32\msvcp_win.dll
0x00007ffdc95e0000 - 0x00007ffdc95ea000 	C:\Windows\SYSTEM32\VERSION.dll
0x00007ffdd1a80000 - 0x00007ffdd1aae000 	C:\Windows\System32\IMM32.DLL
0x00007ffdbdaa0000 - 0x00007ffdbdb3b000 	C:\Program Files\Java\jdk-14.0.2\bin\msvcp140.dll
0x00007ffd76d40000 - 0x00007ffd7785e000 	C:\Program Files\Java\jdk-14.0.2\bin\server\jvm.dll
0x00007ffdd1370000 - 0x00007ffdd1378000 	C:\Windows\System32\PSAPI.DLL
0x00007ffdc05c0000 - 0x00007ffdc05e4000 	C:\Windows\SYSTEM32\WINMM.dll
0x00007ffdca670000 - 0x00007ffdca679000 	C:\Windows\SYSTEM32\WSOCK32.dll
0x00007ffdd0750000 - 0x00007ffdd07bf000 	C:\Windows\System32\WS2_32.dll
0x00007ffdc2c20000 - 0x00007ffdc2c4d000 	C:\Windows\SYSTEM32\WINMMBASE.dll
0x00007ffdcfeb0000 - 0x00007ffdcfefa000 	C:\Windows\System32\cfgmgr32.dll
0x00007ffdcf4b0000 - 0x00007ffdcf4c1000 	C:\Windows\System32\kernel.appcore.dll
0x00007ffdcb2b0000 - 0x00007ffdcb2ba000 	C:\Program Files\Java\jdk-14.0.2\bin\jimage.dll
0x00007ffdc8430000 - 0x00007ffdc8624000 	C:\Windows\SYSTEM32\DBGHELP.DLL
0x00007ffdc7c90000 - 0x00007ffdc7cba000 	C:\Windows\SYSTEM32\dbgcore.DLL
0x00007ffdb9300000 - 0x00007ffdb9325000 	C:\Program Files\Java\jdk-14.0.2\bin\java.dll
0x00007ffdc6750000 - 0x00007ffdc6766000 	C:\Program Files\Java\jdk-14.0.2\bin\zip.dll

dbghelp: loaded successfully - version: 4.0.5 - missing functions: none
symbol engine: initialized successfully - sym options: 0x614 - pdb path: .;C:\Program Files\Java\jdk-14.0.2\bin;C:\Windows\SYSTEM32;C:\Windows\WinSxS\amd64_microsoft.windows.common-controls_6595b64144ccf1df_6.0.18362.959_none_e6c7bbbf130c62bb;C:\Program Files\Java\jdk-14.0.2\bin\server

VM Arguments:
jvm_args: -Dfile.encoding=Cp1252 
java_command: Driver
java_class_path (initial): C:\Users\mifan\Documents\GitHub\Housing-System\bin;C:\Users\mifan\Documents\GitHub\Housing-System\json-simple-1.1.1.jar
Launcher Type: SUN_STANDARD

[Global flags]
     intx CICompilerCount                          = 4                                         {product} {ergonomic}
     uint ConcGCThreads                            = 2                                         {product} {ergonomic}
     uint G1ConcRefinementThreads                  = 8                                         {product} {ergonomic}
   size_t G1HeapRegionSize                         = 2097152                                   {product} {ergonomic}
    uintx GCDrainStackTargetSize                   = 64                                        {product} {ergonomic}
   size_t InitialHeapSize                          = 536870912                                 {product} {ergonomic}
   size_t MarkStackSize                            = 4194304                                   {product} {ergonomic}
   size_t MaxHeapSize                              = 8575254528                                {product} {ergonomic}
   size_t MinHeapDeltaBytes                        = 2097152                                   {product} {ergonomic}
   size_t MinHeapSize                              = 8388608                                   {product} {ergonomic}
    uintx NonNMethodCodeHeapSize                   = 5839372                                {pd product} {ergonomic}
    uintx NonProfiledCodeHeapSize                  = 122909434                              {pd product} {ergonomic}
    uintx ProfiledCodeHeapSize                     = 122909434                              {pd product} {ergonomic}
    uintx ReservedCodeCacheSize                    = 251658240                              {pd product} {ergonomic}
     bool SegmentedCodeCache                       = true                                      {product} {ergonomic}
   size_t SoftMaxHeapSize                          = 8575254528                             {manageable} {ergonomic}
     bool UseCompressedClassPointers               = true                                 {lp64_product} {ergonomic}
     bool UseCompressedOops                        = true                                 {lp64_product} {ergonomic}
     bool UseG1GC                                  = true                                      {product} {ergonomic}
     bool UseLargePagesIndividualAllocation        = false                                  {pd product} {ergonomic}

Logging:
Log output configuration:
 #0: stdout all=warning uptime,level,tags
 #1: stderr all=off uptime,level,tags

Environment Variables:
PATH=C:/Program Files/Java/jdk-14.0.2/bin/server;C:/Program Files/Java/jdk-14.0.2/bin;C:\Program Files (x86)\Common Files\Oracle\Java\javapath;C:\Program Files (x86)\NVIDIA Corporation\PhysX\Common;C:\Windows\system32;C:\Windows;C:\Windows\System32\Wbem;C:\Windows\System32\WindowsPowerShell\v1.0\;C:\Windows\System32\OpenSSH\;C:\Program Files\Inkscape\bin;C:\Program Files\Pandoc\;C:\Program Files\MySQL\MySQL Shell 8.0\bin\;C:\Users\mifan\AppData\Local\Microsoft\WindowsApps;C:\Users\mifan\AppData\Local\atom\bin;C:\Users\mifan\AppData\Local\GitHubDesktop\bin;C:\Users\mifan\eclipse\java-2020-06\eclipse;
USERNAME=mifan
OS=Windows_NT
PROCESSOR_IDENTIFIER=AMD64 Family 23 Model 1 Stepping 1, AuthenticAMD



---------------  S Y S T E M  ---------------

OS: Windows 10 , 64 bit Build 18362 (10.0.18362.959)
OS uptime: 11 days 1:22 hours

CPU:total 8 (initial active 8) (8 cores per cpu, 2 threads per core) family 23 model 1 stepping 1, cmov, cx8, fxsr, mmx, sse, sse2, sse3, ssse3, sse4.1, sse4.2, popcnt, avx, avx2, aes, clmul, mmxext, 3dnowpref, lzcnt, sse4a, ht, tsc, tscinvbit, tscinv, bmi1, bmi2, adx, sha, fma

Memory: 4k page, system-wide physical 32705M (17268M free)
TotalPageFile size 39705M (AvailPageFile size 124M)
current process WorkingSet (physical memory assigned to process): 10M, peak: 10M
current process commit charge ("private bytes"): 61M, peak: 573M

vm_info: Java HotSpot(TM) 64-Bit Server VM (14.0.2+12-46) for windows-amd64 JRE (14.0.2+12-46), built on Jul  9 2020 00:35:52 by "mach5one" with MS VC++ 15.9 (VS2017)

END.
